850410 788856 525
404960 837126 470
904375 200197 525
275626 60814 443
684381 24481 470
946689 702854 525
990644 557062 525
190454 582417 470
403079 419256 449
606282 950162 525
595088 523682 452
944194 593023 525
605353 884767 525
495841 225250 449
832923 135100 470
267608 40365 443
758416 366195 470
871019 635163 525
984807 52125 525
820082 957800 525
227947 339312 443
518115 44317 470
64688 574716 470
860153 743355 525
861022 422794 525
651775 739992 442
783490 436731 470
309826 681559 470
408841 779448 470
193834 788152 470
602752 922457 525
564622 482309 470
470264 324384 449
291609 651243 470
20252 21304 256
892074 80720 525
144824 778444 470
412363 843875 525
142811 26813 375
816435 526622 468
388653 711433 470
405902 101145 443
843115 99454 525
154037 604378 470
993094 425822 525
404320 913606 525
619809 950489 525
885337 315879 525
666036 188393 470
672361 952623 525
491747 778243 470
21094 613197 470
899987 503597 525
997017 690905 525
484872 20837 449
112694 374916 443
123894 651698 470
247273 649084 470
261954 212985 443
985544 384964 525
27622 412910 449
461538 398982 449
478329 445847 444
143697 526341 470
993985 799780 525
332110 661806 470
401821 704516 470
50866 514920 470
526506 735888 452
320595 588522 470
135322 570701 470
18728 875022 525
837412 962375 525
629219 163170 470
918526 899638 476
246918 357133 441
86553 575854 470
176126 969385 525
802347 633928 468
357331 615926 470
799311 6150 470
120540 314720 443
376588 921226 525
630518 254220 470
138951 46389 354
111858 872914 525
54926 342246 443
886902 613164 525
65707 148763 375
673818 815645 468
299579 602715 470
7251 330366 443
747353 543615 452
553421 381921 470
158585 213793 373
720100 563024 447
932634 297352 525
942137 217618 525
178526 628285 470
366507 257416 441
